<?xml version="1.0" encoding="UTF-8"?>
<testsuite xmlns:xsi="http://www.w3.org/2001/XMLSchema-instance" xsi:noNamespaceSchemaLocation="https://maven.apache.org/surefire/maven-surefire-plugin/xsd/surefire-test-report.xsd" name="it.unipi.dsmt.AppTest" time="0.026" tests="1" errors="0" skipped="0" failures="0">
  <properties>
    <property name="awt.toolkit" value="sun.awt.X11.XToolkit"/>
    <property name="file.encoding.pkg" value="sun.io"/>
    <property name="java.specification.version" value="1.8"/>
    <property name="sun.cpu.isalist" value=""/>
    <property name="sun.jnu.encoding" value="UTF-8"/>
    <property name="java.class.path" value="/home/jose/DSMT/tmp/WeSport/WeSport_project/ejb-interfaces/target/test-classes:/home/jose/DSMT/tmp/WeSport/WeSport_project/ejb-interfaces/target/classes:/home/jose/.m2/repository/junit/junit/4.11/junit-4.11.jar:/home/jose/.m2/repository/org/hamcrest/hamcrest-core/1.3/hamcrest-core-1.3.jar:/home/jose/.m2/repository/javax/ejb/javax.ejb-api/3.2.2/javax.ejb-api-3.2.2.jar:/home/jose/.m2/repository/javax/transaction/javax.transaction-api/1.3/javax.transaction-api-1.3.jar:/home/jose/.m2/repository/jakarta/servlet/jakarta.servlet-api/5.0.0/jakarta.servlet-api-5.0.0.jar:"/>
    <property name="java.vm.vendor" value="Oracle Corporation"/>
    <property name="sun.arch.data.model" value="64"/>
    <property name="java.vendor.url" value="http://java.oracle.com/"/>
    <property name="user.timezone" value=""/>
    <property name="java.vm.specification.version" value="1.8"/>
    <property name="os.name" value="Linux"/>
    <property name="user.country" value="CA"/>
    <property name="sun.java.launcher" value="SUN_STANDARD"/>
    <property name="sun.boot.library.path" value="/home/jose/.sdkman/candidates/java/8.0.265-open/jre/lib/amd64"/>
    <property name="sun.java.command" value="/home/jose/DSMT/tmp/WeSport/WeSport_project/ejb-interfaces/target/surefire/surefirebooter3074370313860883828.jar /home/jose/DSMT/tmp/WeSport/WeSport_project/ejb-interfaces/target/surefire 2022-03-14T23-30-19_644-jvmRun1 surefire8620913678347226442tmp surefire_07042423646280356711tmp"/>
    <property name="surefire.test.class.path" value="/home/jose/DSMT/tmp/WeSport/WeSport_project/ejb-interfaces/target/test-classes:/home/jose/DSMT/tmp/WeSport/WeSport_project/ejb-interfaces/target/classes:/home/jose/.m2/repository/junit/junit/4.11/junit-4.11.jar:/home/jose/.m2/repository/org/hamcrest/hamcrest-core/1.3/hamcrest-core-1.3.jar:/home/jose/.m2/repository/javax/ejb/javax.ejb-api/3.2.2/javax.ejb-api-3.2.2.jar:/home/jose/.m2/repository/javax/transaction/javax.transaction-api/1.3/javax.transaction-api-1.3.jar:/home/jose/.m2/repository/jakarta/servlet/jakarta.servlet-api/5.0.0/jakarta.servlet-api-5.0.0.jar:"/>
    <property name="sun.cpu.endian" value="little"/>
    <property name="user.home" value="/home/jose"/>
    <property name="user.language" value="en"/>
    <property name="java.specification.vendor" value="Oracle Corporation"/>
    <property name="java.home" value="/home/jose/.sdkman/candidates/java/8.0.265-open/jre"/>
    <property name="basedir" value="/home/jose/DSMT/tmp/WeSport/WeSport_project/ejb-interfaces"/>
    <property name="file.separator" value="/"/>
    <property name="line.separator" value="&#10;"/>
    <property name="java.vm.specification.vendor" value="Oracle Corporation"/>
    <property name="java.specification.name" value="Java Platform API Specification"/>
    <property name="java.awt.graphicsenv" value="sun.awt.X11GraphicsEnvironment"/>
    <property name="surefire.real.class.path" value="/home/jose/DSMT/tmp/WeSport/WeSport_project/ejb-interfaces/target/surefire/surefirebooter3074370313860883828.jar"/>
    <property name="sun.boot.class.path" value="/home/jose/.sdkman/candidates/java/8.0.265-open/jre/lib/resources.jar:/home/jose/.sdkman/candidates/java/8.0.265-open/jre/lib/rt.jar:/home/jose/.sdkman/candidates/java/8.0.265-open/jre/lib/sunrsasign.jar:/home/jose/.sdkman/candidates/java/8.0.265-open/jre/lib/jsse.jar:/home/jose/.sdkman/candidates/java/8.0.265-open/jre/lib/jce.jar:/home/jose/.sdkman/candidates/java/8.0.265-open/jre/lib/charsets.jar:/home/jose/.sdkman/candidates/java/8.0.265-open/jre/lib/jfr.jar:/home/jose/.sdkman/candidates/java/8.0.265-open/jre/classes"/>
    <property name="sun.management.compiler" value="HotSpot 64-Bit Tiered Compilers"/>
    <property name="java.runtime.version" value="1.8.0_265-b01"/>
    <property name="user.name" value="jose"/>
    <property name="path.separator" value=":"/>
    <property name="os.version" value="5.11.0-49-generic"/>
    <property name="java.endorsed.dirs" value="/home/jose/.sdkman/candidates/java/8.0.265-open/jre/lib/endorsed"/>
    <property name="java.runtime.name" value="OpenJDK Runtime Environment"/>
    <property name="file.encoding" value="UTF-8"/>
    <property name="java.vm.name" value="OpenJDK 64-Bit Server VM"/>
    <property name="localRepository" value="/home/jose/.m2/repository"/>
    <property name="java.vendor.url.bug" value="http://bugreport.sun.com/bugreport/"/>
    <property name="java.io.tmpdir" value="/tmp"/>
    <property name="idea.version" value="2021.2.3"/>
    <property name="java.version" value="1.8.0_265"/>
    <property name="user.dir" value="/home/jose/DSMT/tmp/WeSport/WeSport_project/ejb-interfaces"/>
    <property name="os.arch" value="amd64"/>
    <property name="java.vm.specification.name" value="Java Virtual Machine Specification"/>
    <property name="java.awt.printerjob" value="sun.print.PSPrinterJob"/>
    <property name="sun.os.patch.level" value="unknown"/>
    <property name="java.library.path" value=":/home/jose/Software/instantclient_12_2:/usr/java/packages/lib/amd64:/usr/lib64:/lib64:/lib:/usr/lib"/>
    <property name="java.vm.info" value="mixed mode"/>
    <property name="java.vendor" value="Oracle Corporation"/>
    <property name="java.vm.version" value="25.265-b01"/>
    <property name="java.ext.dirs" value="/home/jose/.sdkman/candidates/java/8.0.265-open/jre/lib/ext:/usr/java/packages/lib/ext"/>
    <property name="sun.io.unicode.encoding" value="UnicodeLittle"/>
    <property name="java.class.version" value="52.0"/>
  </properties>
  <testcase name="shouldAnswerWithTrue" classname="it.unipi.dsmt.AppTest" time="0.001"/>
</testsuite>