<?xml version="1.0" encoding="UTF-8"?>
<testsuite xmlns:xsi="http://www.w3.org/2001/XMLSchema-instance" xsi:noNamespaceSchemaLocation="https://maven.apache.org/surefire/maven-surefire-plugin/xsd/surefire-test-report.xsd" name="it.unipi.dsmt.AppTest" time="0.156" tests="1" errors="0" skipped="0" failures="0">
  <properties>
    <property name="sun.desktop" value="gnome"/>
    <property name="awt.toolkit" value="sun.awt.X11.XToolkit"/>
    <property name="file.encoding.pkg" value="sun.io"/>
    <property name="java.specification.version" value="1.8"/>
    <property name="sun.cpu.isalist" value=""/>
    <property name="sun.jnu.encoding" value="UTF-8"/>
    <property name="java.class.path" value="/home/poggiolinux/Documents/GitHub/WeSport/WeSport_project/ejb-impl/target/test-classes:/home/poggiolinux/Documents/GitHub/WeSport/WeSport_project/ejb-impl/target/classes:/home/poggiolinux/.m2/repository/junit/junit/4.11/junit-4.11.jar:/home/poggiolinux/.m2/repository/org/hamcrest/hamcrest-core/1.3/hamcrest-core-1.3.jar:/home/poggiolinux/Documents/GitHub/WeSport/WeSport_project/ejb-interfaces/target/ejb-interfaces-1.0.0-SNAPSHOT.jar:/home/poggiolinux/.m2/repository/org/hibernate/hibernate-core/5.4.0.Final/hibernate-core-5.4.0.Final.jar:/home/poggiolinux/.m2/repository/org/jboss/logging/jboss-logging/3.3.2.Final/jboss-logging-3.3.2.Final.jar:/home/poggiolinux/.m2/repository/javax/persistence/javax.persistence-api/2.2/javax.persistence-api-2.2.jar:/home/poggiolinux/.m2/repository/org/javassist/javassist/3.24.0-GA/javassist-3.24.0-GA.jar:/home/poggiolinux/.m2/repository/net/bytebuddy/byte-buddy/1.9.5/byte-buddy-1.9.5.jar:/home/poggiolinux/.m2/repository/antlr/antlr/2.7.7/antlr-2.7.7.jar:/home/poggiolinux/.m2/repository/org/jboss/spec/javax/transaction/jboss-transaction-api_1.2_spec/1.1.1.Final/jboss-transaction-api_1.2_spec-1.1.1.Final.jar:/home/poggiolinux/.m2/repository/org/jboss/jandex/2.0.5.Final/jandex-2.0.5.Final.jar:/home/poggiolinux/.m2/repository/com/fasterxml/classmate/1.3.4/classmate-1.3.4.jar:/home/poggiolinux/.m2/repository/javax/activation/javax.activation-api/1.2.0/javax.activation-api-1.2.0.jar:/home/poggiolinux/.m2/repository/org/dom4j/dom4j/2.1.1/dom4j-2.1.1.jar:/home/poggiolinux/.m2/repository/org/hibernate/common/hibernate-commons-annotations/5.1.0.Final/hibernate-commons-annotations-5.1.0.Final.jar:/home/poggiolinux/.m2/repository/javax/xml/bind/jaxb-api/2.3.1/jaxb-api-2.3.1.jar:/home/poggiolinux/.m2/repository/org/glassfish/jaxb/jaxb-runtime/2.3.1/jaxb-runtime-2.3.1.jar:/home/poggiolinux/.m2/repository/org/glassfish/jaxb/txw2/2.3.1/txw2-2.3.1.jar:/home/poggiolinux/.m2/repository/com/sun/istack/istack-commons-runtime/3.0.7/istack-commons-runtime-3.0.7.jar:/home/poggiolinux/.m2/repository/org/jvnet/staxex/stax-ex/1.8/stax-ex-1.8.jar:/home/poggiolinux/.m2/repository/com/sun/xml/fastinfoset/FastInfoset/1.2.15/FastInfoset-1.2.15.jar:/home/poggiolinux/.m2/repository/javax/ejb/javax.ejb-api/3.2.2/javax.ejb-api-3.2.2.jar:/home/poggiolinux/.m2/repository/javax/transaction/javax.transaction-api/1.3/javax.transaction-api-1.3.jar:"/>
    <property name="java.vm.vendor" value="Amazon.com Inc."/>
    <property name="sun.arch.data.model" value="64"/>
    <property name="java.vendor.url" value="https://aws.amazon.com/corretto/"/>
    <property name="user.timezone" value=""/>
    <property name="java.vm.specification.version" value="1.8"/>
    <property name="os.name" value="Linux"/>
    <property name="user.country" value="US"/>
    <property name="sun.java.launcher" value="SUN_STANDARD"/>
    <property name="sun.boot.library.path" value="/home/poggiolinux/.jdks/corretto-1.8.0_322/jre/lib/amd64"/>
    <property name="sun.java.command" value="/home/poggiolinux/Documents/GitHub/WeSport/WeSport_project/ejb-impl/target/surefire/surefirebooter6431345145289191618.jar /home/poggiolinux/Documents/GitHub/WeSport/WeSport_project/ejb-impl/target/surefire 2022-03-14T17-16-44_317-jvmRun1 surefire7171808725356540820tmp surefire_14502021748692472117tmp"/>
    <property name="surefire.test.class.path" value="/home/poggiolinux/Documents/GitHub/WeSport/WeSport_project/ejb-impl/target/test-classes:/home/poggiolinux/Documents/GitHub/WeSport/WeSport_project/ejb-impl/target/classes:/home/poggiolinux/.m2/repository/junit/junit/4.11/junit-4.11.jar:/home/poggiolinux/.m2/repository/org/hamcrest/hamcrest-core/1.3/hamcrest-core-1.3.jar:/home/poggiolinux/Documents/GitHub/WeSport/WeSport_project/ejb-interfaces/target/ejb-interfaces-1.0.0-SNAPSHOT.jar:/home/poggiolinux/.m2/repository/org/hibernate/hibernate-core/5.4.0.Final/hibernate-core-5.4.0.Final.jar:/home/poggiolinux/.m2/repository/org/jboss/logging/jboss-logging/3.3.2.Final/jboss-logging-3.3.2.Final.jar:/home/poggiolinux/.m2/repository/javax/persistence/javax.persistence-api/2.2/javax.persistence-api-2.2.jar:/home/poggiolinux/.m2/repository/org/javassist/javassist/3.24.0-GA/javassist-3.24.0-GA.jar:/home/poggiolinux/.m2/repository/net/bytebuddy/byte-buddy/1.9.5/byte-buddy-1.9.5.jar:/home/poggiolinux/.m2/repository/antlr/antlr/2.7.7/antlr-2.7.7.jar:/home/poggiolinux/.m2/repository/org/jboss/spec/javax/transaction/jboss-transaction-api_1.2_spec/1.1.1.Final/jboss-transaction-api_1.2_spec-1.1.1.Final.jar:/home/poggiolinux/.m2/repository/org/jboss/jandex/2.0.5.Final/jandex-2.0.5.Final.jar:/home/poggiolinux/.m2/repository/com/fasterxml/classmate/1.3.4/classmate-1.3.4.jar:/home/poggiolinux/.m2/repository/javax/activation/javax.activation-api/1.2.0/javax.activation-api-1.2.0.jar:/home/poggiolinux/.m2/repository/org/dom4j/dom4j/2.1.1/dom4j-2.1.1.jar:/home/poggiolinux/.m2/repository/org/hibernate/common/hibernate-commons-annotations/5.1.0.Final/hibernate-commons-annotations-5.1.0.Final.jar:/home/poggiolinux/.m2/repository/javax/xml/bind/jaxb-api/2.3.1/jaxb-api-2.3.1.jar:/home/poggiolinux/.m2/repository/org/glassfish/jaxb/jaxb-runtime/2.3.1/jaxb-runtime-2.3.1.jar:/home/poggiolinux/.m2/repository/org/glassfish/jaxb/txw2/2.3.1/txw2-2.3.1.jar:/home/poggiolinux/.m2/repository/com/sun/istack/istack-commons-runtime/3.0.7/istack-commons-runtime-3.0.7.jar:/home/poggiolinux/.m2/repository/org/jvnet/staxex/stax-ex/1.8/stax-ex-1.8.jar:/home/poggiolinux/.m2/repository/com/sun/xml/fastinfoset/FastInfoset/1.2.15/FastInfoset-1.2.15.jar:/home/poggiolinux/.m2/repository/javax/ejb/javax.ejb-api/3.2.2/javax.ejb-api-3.2.2.jar:/home/poggiolinux/.m2/repository/javax/transaction/javax.transaction-api/1.3/javax.transaction-api-1.3.jar:"/>
    <property name="sun.cpu.endian" value="little"/>
    <property name="user.home" value="/home/poggiolinux"/>
    <property name="user.language" value="en"/>
    <property name="java.specification.vendor" value="Oracle Corporation"/>
    <property name="java.home" value="/home/poggiolinux/.jdks/corretto-1.8.0_322/jre"/>
    <property name="basedir" value="/home/poggiolinux/Documents/GitHub/WeSport/WeSport_project/ejb-impl"/>
    <property name="file.separator" value="/"/>
    <property name="line.separator" value="&#10;"/>
    <property name="java.vm.specification.vendor" value="Oracle Corporation"/>
    <property name="java.specification.name" value="Java Platform API Specification"/>
    <property name="java.awt.graphicsenv" value="sun.awt.X11GraphicsEnvironment"/>
    <property name="surefire.real.class.path" value="/home/poggiolinux/Documents/GitHub/WeSport/WeSport_project/ejb-impl/target/surefire/surefirebooter6431345145289191618.jar"/>
    <property name="sun.boot.class.path" value="/home/poggiolinux/.jdks/corretto-1.8.0_322/jre/lib/resources.jar:/home/poggiolinux/.jdks/corretto-1.8.0_322/jre/lib/rt.jar:/home/poggiolinux/.jdks/corretto-1.8.0_322/jre/lib/sunrsasign.jar:/home/poggiolinux/.jdks/corretto-1.8.0_322/jre/lib/jsse.jar:/home/poggiolinux/.jdks/corretto-1.8.0_322/jre/lib/jce.jar:/home/poggiolinux/.jdks/corretto-1.8.0_322/jre/lib/charsets.jar:/home/poggiolinux/.jdks/corretto-1.8.0_322/jre/lib/jfr.jar:/home/poggiolinux/.jdks/corretto-1.8.0_322/jre/classes"/>
    <property name="sun.management.compiler" value="HotSpot 64-Bit Tiered Compilers"/>
    <property name="java.runtime.version" value="1.8.0_322-b06"/>
    <property name="user.name" value="poggiolinux"/>
    <property name="path.separator" value=":"/>
    <property name="os.version" value="5.13.0-36-generic"/>
    <property name="java.endorsed.dirs" value="/home/poggiolinux/.jdks/corretto-1.8.0_322/jre/lib/endorsed"/>
    <property name="java.runtime.name" value="OpenJDK Runtime Environment"/>
    <property name="file.encoding" value="UTF-8"/>
    <property name="java.vm.name" value="OpenJDK 64-Bit Server VM"/>
    <property name="localRepository" value="/home/poggiolinux/.m2/repository"/>
    <property name="java.vendor.url.bug" value="https://github.com/corretto/corretto-8/issues/"/>
    <property name="java.io.tmpdir" value="/tmp"/>
    <property name="idea.version" value="2021.3.2"/>
    <property name="java.version" value="1.8.0_322"/>
    <property name="user.dir" value="/home/poggiolinux/Documents/GitHub/WeSport/WeSport_project/ejb-impl"/>
    <property name="os.arch" value="amd64"/>
    <property name="java.vm.specification.name" value="Java Virtual Machine Specification"/>
    <property name="java.awt.printerjob" value="sun.print.PSPrinterJob"/>
    <property name="sun.os.patch.level" value="unknown"/>
    <property name="java.library.path" value="/usr/java/packages/lib/amd64:/usr/lib64:/lib64:/lib:/usr/lib"/>
    <property name="java.vm.info" value="mixed mode"/>
    <property name="java.vendor" value="Amazon.com Inc."/>
    <property name="java.vm.version" value="25.322-b06"/>
    <property name="java.ext.dirs" value="/home/poggiolinux/.jdks/corretto-1.8.0_322/jre/lib/ext:/usr/java/packages/lib/ext"/>
    <property name="sun.io.unicode.encoding" value="UnicodeLittle"/>
    <property name="java.class.version" value="52.0"/>
  </properties>
  <testcase name="shouldAnswerWithTrue" classname="it.unipi.dsmt.AppTest" time="0.002"/>
</testsuite>